::1 - - [11/Jun/2020:04:39:08 +0000] "GET /api/users HTTP/1.1" 200 507 "-" "PostmanRuntime/7.25.0"
::1 - - [11/Jun/2020:05:57:25 +0000] "GET /api/api/users HTTP/1.1" 404 152 "http://localhost:3000/" "Mozilla/5.0 (Macintosh; Intel Mac OS X 10_15_5) AppleWebKit/537.36 (KHTML, like Gecko) Chrome/83.0.4103.97 Safari/537.36"
::1 - - [11/Jun/2020:05:57:39 +0000] "GET /api/users HTTP/1.1" 200 507 "http://localhost:3000/" "Mozilla/5.0 (Macintosh; Intel Mac OS X 10_15_5) AppleWebKit/537.36 (KHTML, like Gecko) Chrome/83.0.4103.97 Safari/537.36"
::1 - - [11/Jun/2020:05:58:18 +0000] "GET /api/users HTTP/1.1" 304 - "http://localhost:3000/" "Mozilla/5.0 (Macintosh; Intel Mac OS X 10_15_5) AppleWebKit/537.36 (KHTML, like Gecko) Chrome/83.0.4103.97 Safari/537.36"
::1 - - [11/Jun/2020:05:59:48 +0000] "GET /api/users HTTP/1.1" 304 - "http://localhost:3000/" "Mozilla/5.0 (Macintosh; Intel Mac OS X 10_15_5) AppleWebKit/537.36 (KHTML, like Gecko) Chrome/83.0.4103.97 Safari/537.36"
::1 - - [11/Jun/2020:06:01:53 +0000] "GET /api/users HTTP/1.1" 200 517 "http://localhost:3000/" "Mozilla/5.0 (Macintosh; Intel Mac OS X 10_15_5) AppleWebKit/537.36 (KHTML, like Gecko) Chrome/83.0.4103.97 Safari/537.36"
::1 - - [11/Jun/2020:06:05:58 +0000] "GET /api/users HTTP/1.1" 304 - "http://localhost:3000/" "Mozilla/5.0 (Macintosh; Intel Mac OS X 10_15_5) AppleWebKit/537.36 (KHTML, like Gecko) Chrome/83.0.4103.97 Safari/537.36"
::1 - - [11/Jun/2020:06:12:01 +0000] "GET /api/users HTTP/1.1" 304 - "http://localhost:3000/" "Mozilla/5.0 (Macintosh; Intel Mac OS X 10_15_5) AppleWebKit/537.36 (KHTML, like Gecko) Chrome/83.0.4103.97 Safari/537.36"
::1 - - [11/Jun/2020:06:13:31 +0000] "GET /api/users HTTP/1.1" 304 - "http://localhost:3000/" "Mozilla/5.0 (Macintosh; Intel Mac OS X 10_15_5) AppleWebKit/537.36 (KHTML, like Gecko) Chrome/83.0.4103.97 Safari/537.36"
::1 - - [11/Jun/2020:06:14:32 +0000] "GET /api/users HTTP/1.1" 304 - "http://localhost:3000/" "Mozilla/5.0 (Macintosh; Intel Mac OS X 10_15_5) AppleWebKit/537.36 (KHTML, like Gecko) Chrome/83.0.4103.97 Safari/537.36"
::1 - - [11/Jun/2020:06:16:23 +0000] "GET /api/users HTTP/1.1" 304 - "http://localhost:3000/" "Mozilla/5.0 (Macintosh; Intel Mac OS X 10_15_5) AppleWebKit/537.36 (KHTML, like Gecko) Chrome/83.0.4103.97 Safari/537.36"
::1 - - [11/Jun/2020:06:17:40 +0000] "GET /api/users HTTP/1.1" 304 - "http://localhost:3000/" "Mozilla/5.0 (Macintosh; Intel Mac OS X 10_15_5) AppleWebKit/537.36 (KHTML, like Gecko) Chrome/83.0.4103.97 Safari/537.36"
::1 - - [11/Jun/2020:06:18:36 +0000] "GET /api/users HTTP/1.1" 304 - "http://localhost:3000/" "Mozilla/5.0 (Macintosh; Intel Mac OS X 10_15_5) AppleWebKit/537.36 (KHTML, like Gecko) Chrome/83.0.4103.97 Safari/537.36"
::1 - - [11/Jun/2020:06:19:26 +0000] "GET /api/users HTTP/1.1" 304 - "http://localhost:3000/" "Mozilla/5.0 (Macintosh; Intel Mac OS X 10_15_5) AppleWebKit/537.36 (KHTML, like Gecko) Chrome/83.0.4103.97 Safari/537.36"
::1 - - [11/Jun/2020:06:21:33 +0000] "GET /api/users/4 HTTP/1.1" 200 250 "http://localhost:3000/users/4" "Mozilla/5.0 (Macintosh; Intel Mac OS X 10_15_5) AppleWebKit/537.36 (KHTML, like Gecko) Chrome/83.0.4103.97 Safari/537.36"
::1 - - [11/Jun/2020:06:22:31 +0000] "GET /api/users/4 HTTP/1.1" 304 - "http://localhost:3000/users/4" "Mozilla/5.0 (Macintosh; Intel Mac OS X 10_15_5) AppleWebKit/537.36 (KHTML, like Gecko) Chrome/83.0.4103.97 Safari/537.36"
::1 - - [11/Jun/2020:06:22:57 +0000] "GET /api/users/4 HTTP/1.1" 304 - "http://localhost:3000/users/4" "Mozilla/5.0 (Macintosh; Intel Mac OS X 10_15_5) AppleWebKit/537.36 (KHTML, like Gecko) Chrome/83.0.4103.97 Safari/537.36"
::1 - - [11/Jun/2020:06:23:12 +0000] "GET /api/users/4 HTTP/1.1" 304 - "http://localhost:3000/users/4" "Mozilla/5.0 (Macintosh; Intel Mac OS X 10_15_5) AppleWebKit/537.36 (KHTML, like Gecko) Chrome/83.0.4103.97 Safari/537.36"
::1 - - [11/Jun/2020:06:46:05 +0000] "GET /api/users/4 HTTP/1.1" 304 - "http://localhost:3000/users/4" "Mozilla/5.0 (Macintosh; Intel Mac OS X 10_15_5) AppleWebKit/537.36 (KHTML, like Gecko) Chrome/83.0.4103.97 Safari/537.36"
::1 - - [11/Jun/2020:06:46:35 +0000] "GET /api/users/4 HTTP/1.1" 304 - "http://localhost:3000/users/4" "Mozilla/5.0 (Macintosh; Intel Mac OS X 10_15_5) AppleWebKit/537.36 (KHTML, like Gecko) Chrome/83.0.4103.97 Safari/537.36"
::1 - - [11/Jun/2020:06:53:25 +0000] "GET /api/users/4 HTTP/1.1" 304 - "http://localhost:3000/users/4" "Mozilla/5.0 (Macintosh; Intel Mac OS X 10_15_5) AppleWebKit/537.36 (KHTML, like Gecko) Chrome/83.0.4103.97 Safari/537.36"
::1 - - [11/Jun/2020:07:04:46 +0000] "GET /api/users/4 HTTP/1.1" 304 - "http://localhost:3000/users/4" "Mozilla/5.0 (Macintosh; Intel Mac OS X 10_15_5) AppleWebKit/537.36 (KHTML, like Gecko) Chrome/83.0.4103.97 Safari/537.36"
::1 - - [11/Jun/2020:07:08:54 +0000] "GET /api/users/4 HTTP/1.1" 304 - "http://localhost:3000/users/4" "Mozilla/5.0 (Macintosh; Intel Mac OS X 10_15_5) AppleWebKit/537.36 (KHTML, like Gecko) Chrome/83.0.4103.97 Safari/537.36"
::1 - - [11/Jun/2020:07:10:50 +0000] "GET /api/users/4 HTTP/1.1" 304 - "http://localhost:3000/users/4" "Mozilla/5.0 (Macintosh; Intel Mac OS X 10_15_5) AppleWebKit/537.36 (KHTML, like Gecko) Chrome/83.0.4103.97 Safari/537.36"
::1 - - [11/Jun/2020:07:21:47 +0000] "GET /api/users HTTP/1.1" 304 - "http://localhost:3000/" "Mozilla/5.0 (Macintosh; Intel Mac OS X 10_15_5) AppleWebKit/537.36 (KHTML, like Gecko) Chrome/83.0.4103.97 Safari/537.36"
::1 - - [11/Jun/2020:07:28:39 +0000] "GET /api/users/authenticate HTTP/1.1" 200 2 "http://localhost:3000/login" "Mozilla/5.0 (Macintosh; Intel Mac OS X 10_15_5) AppleWebKit/537.36 (KHTML, like Gecko) Chrome/83.0.4103.97 Safari/537.36"
::1 - - [11/Jun/2020:10:23:08 +0000] "GET /api/users/authenticate HTTP/1.1" - - "http://localhost:3000/" "Mozilla/5.0 (Macintosh; Intel Mac OS X 10_15_5) AppleWebKit/537.36 (KHTML, like Gecko) Chrome/83.0.4103.97 Safari/537.36"
::1 - - [11/Jun/2020:11:05:29 +0000] "GET /api/users HTTP/1.1" 304 - "http://localhost:3000/workspace" "Mozilla/5.0 (Macintosh; Intel Mac OS X 10_15_5) AppleWebKit/537.36 (KHTML, like Gecko) Chrome/83.0.4103.97 Safari/537.36"
::1 - - [11/Jun/2020:11:06:47 +0000] "GET /api/users HTTP/1.1" 304 - "http://localhost:3000/workspace" "Mozilla/5.0 (Macintosh; Intel Mac OS X 10_15_5) AppleWebKit/537.36 (KHTML, like Gecko) Chrome/83.0.4103.97 Safari/537.36"
::1 - - [11/Jun/2020:11:22:46 +0000] "GET /api/users HTTP/1.1" 304 - "http://localhost:3000/workspace" "Mozilla/5.0 (Macintosh; Intel Mac OS X 10_15_5) AppleWebKit/537.36 (KHTML, like Gecko) Chrome/83.0.4103.97 Safari/537.36"
::1 - - [11/Jun/2020:11:27:52 +0000] "GET /api/users HTTP/1.1" 304 - "http://localhost:3000/workspace" "Mozilla/5.0 (Macintosh; Intel Mac OS X 10_15_5) AppleWebKit/537.36 (KHTML, like Gecko) Chrome/83.0.4103.97 Safari/537.36"
::1 - - [12/Jun/2020:00:05:53 +0000] "GET /api/users HTTP/1.1" 200 517 "-" "PostmanRuntime/7.25.0"
::1 - - [12/Jun/2020:00:12:32 +0000] "GET /api/users HTTP/1.1" 200 517 "-" "PostmanRuntime/7.25.0"
::1 - - [12/Jun/2020:02:26:27 +0000] "GET /api/blogs HTTP/1.1" 404 148 "http://localhost:3000/communtity/blogs" "Mozilla/5.0 (Macintosh; Intel Mac OS X 10_15_5) AppleWebKit/537.36 (KHTML, like Gecko) Chrome/83.0.4103.97 Safari/537.36"
::1 - - [12/Jun/2020:02:26:53 +0000] "GET /api/blogs HTTP/1.1" 404 148 "http://localhost:3000/communtity/blogs" "Mozilla/5.0 (Macintosh; Intel Mac OS X 10_15_5) AppleWebKit/537.36 (KHTML, like Gecko) Chrome/83.0.4103.97 Safari/537.36"
::1 - - [12/Jun/2020:02:28:25 +0000] "GET /api/blogs HTTP/1.1" 200 2 "http://localhost:3000/communtity/blogs" "Mozilla/5.0 (Macintosh; Intel Mac OS X 10_15_5) AppleWebKit/537.36 (KHTML, like Gecko) Chrome/83.0.4103.97 Safari/537.36"
::1 - - [12/Jun/2020:02:36:05 +0000] "POST /api/blogs HTTP/1.1" 200 463 "-" "PostmanRuntime/7.25.0"
::1 - - [12/Jun/2020:02:37:41 +0000] "POST /api/blogs HTTP/1.1" 200 369 "-" "PostmanRuntime/7.25.0"
::1 - - [12/Jun/2020:02:38:16 +0000] "POST /api/blogs HTTP/1.1" 200 127 "-" "PostmanRuntime/7.25.0"
::1 - - [12/Jun/2020:02:38:43 +0000] "POST /api/blogs HTTP/1.1" 200 127 "-" "PostmanRuntime/7.25.0"
::1 - - [12/Jun/2020:02:39:05 +0000] "GET /api/blogs HTTP/1.1" 200 379 "-" "PostmanRuntime/7.25.0"
::1 - - [12/Jun/2020:02:42:22 +0000] "GET /api/blogs HTTP/1.1" 200 379 "http://localhost:3000/communtity/blogs" "Mozilla/5.0 (Macintosh; Intel Mac OS X 10_15_5) AppleWebKit/537.36 (KHTML, like Gecko) Chrome/83.0.4103.97 Safari/537.36"
::1 - - [12/Jun/2020:02:45:33 +0000] "GET /api/blogs HTTP/1.1" 304 - "http://localhost:3000/communtity/blogs" "Mozilla/5.0 (Macintosh; Intel Mac OS X 10_15_5) AppleWebKit/537.36 (KHTML, like Gecko) Chrome/83.0.4103.97 Safari/537.36"
::1 - - [12/Jun/2020:02:46:34 +0000] "GET /api/blogs HTTP/1.1" 304 - "http://localhost:3000/communtity/blogs" "Mozilla/5.0 (Macintosh; Intel Mac OS X 10_15_5) AppleWebKit/537.36 (KHTML, like Gecko) Chrome/83.0.4103.97 Safari/537.36"
::1 - - [12/Jun/2020:02:46:37 +0000] "GET /api/blogs HTTP/1.1" 304 - "http://localhost:3000/communtity/blogs" "Mozilla/5.0 (Macintosh; Intel Mac OS X 10_15_5) AppleWebKit/537.36 (KHTML, like Gecko) Chrome/83.0.4103.97 Safari/537.36"
::1 - - [12/Jun/2020:02:50:16 +0000] "GET /api/blogs HTTP/1.1" 304 - "http://localhost:3000/communtity/blogs" "Mozilla/5.0 (Macintosh; Intel Mac OS X 10_15_5) AppleWebKit/537.36 (KHTML, like Gecko) Chrome/83.0.4103.97 Safari/537.36"
::1 - - [12/Jun/2020:02:50:53 +0000] "GET /api/blogs HTTP/1.1" 304 - "http://localhost:3000/communtity/blogs" "Mozilla/5.0 (Macintosh; Intel Mac OS X 10_15_5) AppleWebKit/537.36 (KHTML, like Gecko) Chrome/83.0.4103.97 Safari/537.36"
::1 - - [12/Jun/2020:02:50:59 +0000] "GET /api/blogs HTTP/1.1" 304 - "http://localhost:3000/communtity/blogs" "Mozilla/5.0 (Macintosh; Intel Mac OS X 10_15_5) AppleWebKit/537.36 (KHTML, like Gecko) Chrome/83.0.4103.97 Safari/537.36"
::1 - - [12/Jun/2020:02:51:35 +0000] "GET /api/blogs HTTP/1.1" 304 - "http://localhost:3000/communtity/blogs" "Mozilla/5.0 (Macintosh; Intel Mac OS X 10_15_5) AppleWebKit/537.36 (KHTML, like Gecko) Chrome/83.0.4103.97 Safari/537.36"
